TN:
SF:/Users/duanhe/vueProjs/vueCliProject/src/components/Hello.vue
FNF:0
FNH:0
DA:11,1
LF:1
LH:1
BRF:0
BRH:0
end_of_record
TN:
SF:/Users/duanhe/vueProjs/vueCliProject/src/App.vue
FNF:0
FNH:0
LF:0
LH:0
BRF:0
BRH:0
end_of_record
TN:
SF:/Users/duanhe/vueProjs/vueCliProject/src/components/vueHeader.vue
FNF:0
FNH:0
LF:0
LH:0
BRF:0
BRH:0
end_of_record
TN:
SF:/Users/duanhe/vueProjs/vueCliProject/src/components/count.vue
FNF:0
FNH:0
DA:17,0
LF:1
LH:0
BRF:0
BRH:0
end_of_record
TN:
SF:/Users/duanhe/vueProjs/vueCliProject/src/vuex/store.js
FNF:0
FNH:0
DA:4,1
DA:6,1
DA:11,1
DA:13,0
DA:16,0
LF:5
LH:3
BRF:0
BRH:0
end_of_record
TN:
SF:/Users/duanhe/vueProjs/vueCliProject/src/components/table.vue
FNF:0
FNH:0
DA:27,0
LF:1
LH:0
BRF:0
BRH:0
end_of_record
TN:
SF:/Users/duanhe/vueProjs/vueCliProject/src/router/index.js
FNF:0
FNH:0
DA:7,1
LF:1
LH:1
BRF:0
BRH:0
end_of_record
