TN:
SF:/Users/duanhe/work/vueCliProject/src/components/Hello.vue
FNF:0
FNH:0
DA:12,1
DA:19,1
LF:2
LH:2
BRF:0
BRH:0
end_of_record
TN:
SF:/Users/duanhe/work/vueCliProject/src/App.vue
FNF:0
FNH:0
LF:0
LH:0
BRF:0
BRH:0
end_of_record
TN:
SF:/Users/duanhe/work/vueCliProject/src/components/vueHeader.vue
FNF:0
FNH:0
LF:0
LH:0
BRF:0
BRH:0
end_of_record
TN:
SF:/Users/duanhe/work/vueCliProject/src/components/count.vue
FNF:0
FNH:0
DA:17,0
LF:1
LH:0
BRF:0
BRH:0
end_of_record
TN:
SF:/Users/duanhe/work/vueCliProject/src/vuex/store.js
FNF:0
FNH:0
DA:6,1
DA:8,1
DA:13,1
DA:15,0
DA:18,0
DA:22,1
DA:24,0
LF:7
LH:4
BRF:0
BRH:0
end_of_record
TN:
SF:/Users/duanhe/work/vueCliProject/src/components/echarts.vue
FN:10,(anonymous_0)
FN:19,(anonymous_1)
FN:23,(anonymous_2)
FN:27,(anonymous_3)
FN:31,(anonymous_4)
FN:36,(anonymous_5)
FN:39,(anonymous_6)
FN:49,(anonymous_7)
FN:55,(anonymous_8)
FN:65,(anonymous_9)
FN:69,(anonymous_10)
FN:76,(anonymous_11)
FN:90,(anonymous_12)
FN:95,(anonymous_13)
FN:105,(anonymous_14)
FN:110,getLinkData
FN:113,(anonymous_16)
FN:128,getHeight
FN:130,(anonymous_18)
FN:140,(anonymous_19)
FN:148,getWidth
FN:150,(anonymous_21)
FN:162,getPositionData
FN:165,(anonymous_23)
FN:206,(anonymous_24)
FNF:25
FNH:0
FNDA:0,(anonymous_0)
FNDA:0,(anonymous_1)
FNDA:0,(anonymous_2)
FNDA:0,(anonymous_3)
FNDA:0,(anonymous_4)
FNDA:0,(anonymous_5)
FNDA:0,(anonymous_6)
FNDA:0,(anonymous_7)
FNDA:0,(anonymous_8)
FNDA:0,(anonymous_9)
FNDA:0,(anonymous_10)
FNDA:0,(anonymous_11)
FNDA:0,(anonymous_12)
FNDA:0,(anonymous_13)
FNDA:0,(anonymous_14)
FNDA:0,getLinkData
FNDA:0,(anonymous_16)
FNDA:0,getHeight
FNDA:0,(anonymous_18)
FNDA:0,(anonymous_19)
FNDA:0,getWidth
FNDA:0,(anonymous_21)
FNDA:0,getPositionData
FNDA:0,(anonymous_23)
FNDA:0,(anonymous_24)
DA:11,0
DA:12,0
DA:13,0
DA:14,0
DA:15,0
DA:20,0
DA:24,0
DA:28,0
DA:32,0
DA:33,0
DA:37,0
DA:38,0
DA:39,0
DA:40,0
DA:41,0
DA:44,0
DA:50,0
DA:51,0
DA:52,0
DA:53,0
DA:54,0
DA:55,0
DA:56,0
DA:57,0
DA:58,0
DA:60,0
DA:66,0
DA:67,0
DA:68,0
DA:69,0
DA:70,0
DA:71,0
DA:72,0
DA:73,0
DA:74,0
DA:75,0
DA:76,0
DA:77,0
DA:78,0
DA:79,0
DA:80,0
DA:82,0
DA:86,0
DA:91,0
DA:92,0
DA:93,0
DA:94,0
DA:95,0
DA:96,0
DA:97,0
DA:98,0
DA:100,0
DA:102,0
DA:106,0
DA:110,1
DA:111,0
DA:112,0
DA:113,0
DA:114,0
DA:115,0
DA:116,0
DA:117,0
DA:123,0
DA:125,0
DA:128,1
DA:129,0
DA:130,0
DA:131,0
DA:132,0
DA:133,0
DA:135,0
DA:137,0
DA:139,0
DA:140,0
DA:141,0
DA:142,0
DA:145,0
DA:148,1
DA:149,0
DA:150,0
DA:151,0
DA:152,0
DA:153,0
DA:155,0
DA:157,0
DA:159,0
DA:162,1
DA:163,0
DA:164,0
DA:165,0
DA:166,0
DA:167,0
DA:168,0
DA:170,0
DA:172,0
DA:174,0
DA:175,0
DA:193,0
DA:199,0
DA:200,0
DA:205,0
DA:206,0
DA:207,0
DA:208,0
DA:209,0
DA:211,0
DA:213,0
DA:214,0
DA:216,0
DA:218,0
DA:219,0
DA:221,0
DA:222,0
DA:224,0
DA:225,0
DA:227,0
DA:228,0
DA:229,0
DA:230,0
DA:231,0
LF:120
LH:4
BRDA:56,0,0,0
BRDA:56,0,1,0
BRDA:70,1,0,0
BRDA:70,1,1,0
BRDA:77,2,0,0
BRDA:77,2,1,0
BRDA:96,3,0,0
BRDA:96,3,1,0
BRDA:114,4,0,0
BRDA:114,4,1,0
BRDA:114,5,0,0
BRDA:114,5,1,0
BRDA:132,6,0,0
BRDA:132,6,1,0
BRDA:141,7,0,0
BRDA:141,7,1,0
BRDA:145,8,0,0
BRDA:145,8,1,0
BRDA:152,9,0,0
BRDA:152,9,1,0
BRDA:167,10,0,0
BRDA:167,10,1,0
BRF:22
BRH:0
end_of_record
TN:
SF:/Users/duanhe/work/vueCliProject/src/components/table.vue
FNF:0
FNH:0
DA:27,0
LF:1
LH:0
BRF:0
BRH:0
end_of_record
TN:
SF:/Users/duanhe/work/vueCliProject/src/router/index.js
FNF:0
FNH:0
DA:9,1
LF:1
LH:1
BRF:0
BRH:0
end_of_record
